<?xml version="1.0" encoding="UTF-8"?>
<testng-results ignored="0" total="1" passed="1" failed="0" skipped="0">
  <reporter-output>
  </reporter-output>
  <suite started-at="2025-01-19T16:34:10 IST" name="Surefire suite" finished-at="2025-01-19T16:34:48 IST" duration-ms="37231">
    <groups>
    </groups>
    <test started-at="2025-01-19T16:34:10 IST" name="Surefire test" finished-at="2025-01-19T16:34:48 IST" duration-ms="37231">
      <class name="com.project.automaxn.MedicalLogTest">
        <test-method is-config="true" signature="setUp()[pri:0, instance:com.project.automaxn.MedicalLogTest@1677d1]" started-at="2025-01-19T16:34:10 IST" name="setUp" finished-at="2025-01-19T16:34:34 IST" duration-ms="23481" status="PASS">
          <reporter-output>
          </reporter-output>
        </test-method> <!-- setUp -->
        <test-method signature="verifyAddingMedicalLogRecord()[pri:0, instance:com.project.automaxn.MedicalLogTest@1677d1]" started-at="2025-01-19T16:34:34 IST" name="verifyAddingMedicalLogRecord" finished-at="2025-01-19T16:34:48 IST" duration-ms="13675" status="PASS">
          <reporter-output>
          </reporter-output>
        </test-method> <!-- verifyAddingMedicalLogRecord -->
      </class> <!-- com.project.automaxn.MedicalLogTest -->
    </test> <!-- Surefire test -->
  </suite> <!-- Surefire suite -->
</testng-results>
